{
  "stats": {
    "suites": 1,
    "tests": 1,
    "passes": 0,
    "pending": 0,
    "failures": 1,
    "start": "2023-02-16T13:02:19.465Z",
    "end": "2023-02-16T13:02:27.992Z",
    "duration": 8527,
    "testsRegistered": 1,
    "passPercent": 0,
    "pendingPercent": 0,
    "other": 0,
    "hasOther": false,
    "skipped": 0,
    "hasSkipped": false
  },
  "results": [
    {
      "uuid": "789ae230-7c1b-402d-943c-f4da72771428",
      "title": "",
      "fullFile": "cypress\\e2e\\testScripts\\Verify_Login.cy.js",
      "file": "cypress\\e2e\\testScripts\\Verify_Login.cy.js",
      "beforeHooks": [],
      "afterHooks": [],
      "tests": [],
      "suites": [
        {
          "uuid": "9f3c62e0-607a-43a9-b324-06c278618fc6",
          "title": "Login suite",
          "fullFile": "",
          "file": "",
          "beforeHooks": [],
          "afterHooks": [],
          "tests": [
            {
              "title": "verify login",
              "fullTitle": "Login suite verify login",
              "timedOut": null,
              "duration": 4791,
              "state": "failed",
              "speed": null,
              "pass": false,
              "fail": true,
              "pending": false,
              "context": null,
              "code": "cy.Login(this.logindata.Username, this.logindata.Password);\nproductPage.ValidateProductPage(this.logindata.SuccessMessage);",
              "err": {
                "message": "AssertionError: Timed out retrying after 4000ms: expected '<a#logout_sidebar_link.bm-item.menu-item>' to be 'visible'\n\nThis element `<a#logout_sidebar_link.bm-item.menu-item>` is not visible because its parent `<div.bm-menu-wrap>` has CSS property: `display: none`\n\nBecause this error occurred during a `after each` hook we are skipping the remaining tests in the current suite: `Login suite`",
                "estack": "AssertionError: Timed out retrying after 4000ms: expected '<a#logout_sidebar_link.bm-item.menu-item>' to be 'visible'\n\nThis element `<a#logout_sidebar_link.bm-item.menu-item>` is not visible because its parent `<div.bm-menu-wrap>` has CSS property: `display: none`\n\nBecause this error occurred during a `after each` hook we are skipping the remaining tests in the current suite: `Login suite`\n    at LogoutPage.getClick_LogoutOption (webpack:///./cypress/Pages/LogoutPage.js:12:33)\n    at Context.eval (webpack:///./cypress/support/commands.js:37:11)",
                "diff": null
              },
              "uuid": "6c26256b-0ffb-49de-8ad1-f5b21fd23e06",
              "parentUUID": "9f3c62e0-607a-43a9-b324-06c278618fc6",
              "isHook": false,
              "skipped": false
            }
          ],
          "suites": [],
          "passes": [],
          "failures": [
            "6c26256b-0ffb-49de-8ad1-f5b21fd23e06"
          ],
          "pending": [],
          "skipped": [],
          "duration": 4791,
          "root": false,
          "rootEmpty": false,
          "_timeout": 2000
        }
      ],
      "passes": [],
      "failures": [],
      "pending": [],
      "skipped": [],
      "duration": 0,
      "root": true,
      "rootEmpty": true,
      "_timeout": 2000
    }
  ],
  "meta": {
    "mocha": {
      "version": "7.0.1"
    },
    "mochawesome": {
      "options": {
        "quiet": false,
        "reportFilename": "mochawesome",
        "saveHtml": false,
        "saveJson": true,
        "consoleReporter": "spec",
        "useInlineDiffs": false,
        "code": true
      },
      "version": "7.1.3"
    },
    "marge": {
      "options": {
        "chats": true,
        "overwrite": false,
        "html": false,
        "json": true,
        "reportDir": "cypress/reports"
      },
      "version": "6.2.0"
    }
  }
}